app/build/outputs/apk/manifest-merger-debug-report.txt
-- Merging decision tree log ---
manifest
ADDED from AndroidManifest.xml:1:1
	package
		ADDED from AndroidManifest.xml:2:5
		INJECTED from AndroidManifest.xml:0:0
		INJECTED from AndroidManifest.xml:0:0
	android:versionName
		ADDED from AndroidManifest.xml:4:5
	android:versionCode
		ADDED from AndroidManifest.xml:3:5
		INJECTED from AndroidManifest.xml:0:0
		INJECTED from AndroidManifest.xml:0:0
	xmlns:android
		ADDED from AndroidManifest.xml:1:11
uses-sdk
ADDED from AndroidManifest.xml:6:5
MERGED from com.android.support:support-v4:21.0.3:15:5
MERGED from com.android.support:appcompat-v7:21.0.3:15:5
MERGED from com.android.support:support-v4:21.0.3:15:5
MERGED from me.dm7.barcodescanner:zxing:1.5:7:5
MERGED from me.dm7.barcodescanner:core:1.5:7:5
MERGED from com.android.support:support-v4:21.0.3:15:5
	android:targetSdkVersion
		ADDED from AndroidManifest.xml:8:9
		INJECTED from AndroidManifest.xml:0:0
		INJECTED from AndroidManifest.xml:0:0
	android:minSdkVersion
		ADDED from AndroidManifest.xml:7:9
		INJECTED from AndroidManifest.xml:0:0
		INJECTED from AndroidManifest.xml:0:0
uses-permission#android.permission.INTERNET
ADDED from AndroidManifest.xml:10:5
	android:name
		ADDED from AndroidManifest.xml:10:22
uses-permission#android.permission.WRITE_EXTERNAL_STORAGE
ADDED from AndroidManifest.xml:11:5
	android:name
		ADDED from AndroidManifest.xml:11:22
uses-permission#android.permission.ACCESS_NETWORK_STATE
ADDED from AndroidManifest.xml:12:5
	android:name
		ADDED from AndroidManifest.xml:12:22
uses-permission#android.permission.GET_ACCOUNTS
ADDED from AndroidManifest.xml:13:5
	android:name
		ADDED from AndroidManifest.xml:13:22
uses-permission#android.permission.READ_PHONE_STATE
ADDED from AndroidManifest.xml:14:4
	android:name
		ADDED from AndroidManifest.xml:14:21
uses-permission#android.permission.CAMERA
ADDED from AndroidManifest.xml:15:5
	android:name
		ADDED from AndroidManifest.xml:15:22
application
ADDED from AndroidManifest.xml:18:5
MERGED from com.android.support:support-v4:21.0.3:16:5
MERGED from com.android.support:appcompat-v7:21.0.3:16:5
MERGED from com.android.support:support-v4:21.0.3:16:5
MERGED from me.dm7.barcodescanner:zxing:1.5:11:5
MERGED from me.dm7.barcodescanner:core:1.5:11:5
MERGED from com.android.support:support-v4:21.0.3:16:5
	android:label
		ADDED from AndroidManifest.xml:22:9
	android:allowBackup
		ADDED from AndroidManifest.xml:20:9
	android:icon
		ADDED from AndroidManifest.xml:21:9
	android:theme
		ADDED from AndroidManifest.xml:23:9
	android:name
		ADDED from AndroidManifest.xml:19:9
activity#org.shaastra.qmshelper.Login
ADDED from AndroidManifest.xml:24:9
	android:label
		ADDED from AndroidManifest.xml:27:13
	android:configChanges
		ADDED from AndroidManifest.xml:26:13
	android:name
		ADDED from AndroidManifest.xml:25:13
activity#org.shaastra.qmshelper.Main
ADDED from AndroidManifest.xml:30:9
	android:label
		ADDED from AndroidManifest.xml:33:13
	android:configChanges
		ADDED from AndroidManifest.xml:32:13
	android:name
		ADDED from AndroidManifest.xml:31:13
intent-filter#android.intent.action.MAIN+android.intent.category.LAUNCHER
ADDED from AndroidManifest.xml:34:13
action#android.intent.action.MAIN
ADDED from AndroidManifest.xml:35:17
	android:name
		ADDED from AndroidManifest.xml:35:25
category#android.intent.category.LAUNCHER
ADDED from AndroidManifest.xml:37:17
	android:name
		ADDED from AndroidManifest.xml:37:27
activity#org.shaastra.qmshelper.SimpleScannerActivity
ADDED from AndroidManifest.xml:45:9
	android:label
		ADDED from AndroidManifest.xml:48:13
	android:configChanges
		ADDED from AndroidManifest.xml:47:13
	android:name
		ADDED from AndroidManifest.xml:46:13
activity#org.shaastra.qmshelper.BulkScannerActivity
ADDED from AndroidManifest.xml:51:9
	android:label
		ADDED from AndroidManifest.xml:54:13
	android:configChanges
		ADDED from AndroidManifest.xml:53:13
	android:name
		ADDED from AndroidManifest.xml:52:13
activity#org.shaastra.qmshelper.Passport
ADDED from AndroidManifest.xml:57:9
	android:label
		ADDED from AndroidManifest.xml:60:13
	android:configChanges
		ADDED from AndroidManifest.xml:59:13
	android:name
		ADDED from AndroidManifest.xml:58:13
activity#org.shaastra.qmshelper.NewUser
ADDED from AndroidManifest.xml:63:9
	android:label
		ADDED from AndroidManifest.xml:66:13
	android:configChanges
		ADDED from AndroidManifest.xml:65:13
	android:name
		ADDED from AndroidManifest.xml:64:13
activity#org.shaastra.qmshelper.RegisteredUser
ADDED from AndroidManifest.xml:69:9
	android:label
		ADDED from AndroidManifest.xml:72:13
	android:configChanges
		ADDED from AndroidManifest.xml:71:13
	android:name
		ADDED from AndroidManifest.xml:70:13
activity#org.shaastra.qmshelper.SearchUser
ADDED from AndroidManifest.xml:75:9
	android:label
		ADDED from AndroidManifest.xml:78:13
	android:configChanges
		ADDED from AndroidManifest.xml:77:13
	android:name
		ADDED from AndroidManifest.xml:76:13
activity#org.shaastra.qmshelper.reused.ResponseActivity
ADDED from AndroidManifest.xml:81:9
	android:label
		ADDED from AndroidManifest.xml:83:13
	android:name
		ADDED from AndroidManifest.xml:82:13
activity#org.shaastra.qmshelper.reused.Choose
ADDED from AndroidManifest.xml:85:9
	android:label
		ADDED from AndroidManifest.xml:88:13
	android:configChanges
		ADDED from AndroidManifest.xml:87:13
	android:name
		ADDED from AndroidManifest.xml:86:13
intent-filter#android.intent.action.CHOOSE+android.intent.category.DEFAULT
ADDED from AndroidManifest.xml:89:13
action#android.intent.action.CHOOSE
ADDED from AndroidManifest.xml:90:17
	android:name
		ADDED from AndroidManifest.xml:90:25
category#android.intent.category.DEFAULT
ADDED from AndroidManifest.xml:92:17
	android:name
		ADDED from AndroidManifest.xml:92:27
activity#org.shaastra.qmshelper.reused.Register
ADDED from AndroidManifest.xml:95:10
	android:label
		ADDED from AndroidManifest.xml:98:13
	android:configChanges
		ADDED from AndroidManifest.xml:97:13
	android:name
		ADDED from AndroidManifest.xml:96:13
intent-filter#android.intent.action.REGISTER+android.intent.category.DEFAULT
ADDED from AndroidManifest.xml:99:13
action#android.intent.action.REGISTER
ADDED from AndroidManifest.xml:100:17
	android:name
		ADDED from AndroidManifest.xml:100:25
activity#org.shaastra.qmshelper.reused.GetList
ADDED from AndroidManifest.xml:105:9
	android:label
		ADDED from AndroidManifest.xml:108:13
	android:configChanges
		ADDED from AndroidManifest.xml:107:13
	android:name
		ADDED from AndroidManifest.xml:106:13
intent-filter#android.intent.action.GETLIST+android.intent.category.DEFAULT
ADDED from AndroidManifest.xml:109:13
action#android.intent.action.GETLIST
ADDED from AndroidManifest.xml:110:17
	android:name
		ADDED from AndroidManifest.xml:110:25
activity#org.shaastra.qmshelper.reused.Display
ADDED from AndroidManifest.xml:115:9
	android:label
		ADDED from AndroidManifest.xml:118:13
	android:configChanges
		ADDED from AndroidManifest.xml:117:13
	android:name
		ADDED from AndroidManifest.xml:116:13
intent-filter#android.intent.action.DISPLAY+android.intent.category.DEFAULT
ADDED from AndroidManifest.xml:119:13
action#android.intent.action.DISPLAY
ADDED from AndroidManifest.xml:120:17
	android:name
		ADDED from AndroidManifest.xml:120:25